D:\DOCUMENTS\VISUAL STUDIO 2010\PROJECTS\FINALDEMO\FINALDEMO\DEBUG\CAMERA.OBJ
D:\DOCUMENTS\VISUAL STUDIO 2010\PROJECTS\FINALDEMO\FINALDEMO\DEBUG\VC100.PDB
D:\DOCUMENTS\VISUAL STUDIO 2010\PROJECTS\FINALDEMO\FINALDEMO\DEBUG\MAIN.OBJ
D:\DOCUMENTS\VISUAL STUDIO 2010\PROJECTS\FINALDEMO\FINALDEMO\DEBUG\SOLARSYSTEM.OBJ
D:\DOCUMENTS\VISUAL STUDIO 2010\PROJECTS\FINALDEMO\FINALDEMO\DEBUG\UTILITY.OBJ
F:\FINALDEMO\FINALDEMO\DEBUG\CAMERA.OBJ
F:\FINALDEMO\FINALDEMO\DEBUG\COLLISION.OBJ
F:\FINALDEMO\FINALDEMO\DEBUG\MAIN.OBJ
F:\FINALDEMO\FINALDEMO\DEBUG\SOLARSYSTEM.OBJ
F:\FINALDEMO\FINALDEMO\DEBUG\UTILITY.OBJ
F:\FINALDEMO\FINALDEMO\DEBUG\VC100.PDB
G:\FINALDEMO\FINALDEMO\DEBUG\CAMERA.OBJ
G:\FINALDEMO\FINALDEMO\DEBUG\COLLISION.OBJ
G:\FINALDEMO\FINALDEMO\DEBUG\MAIN.OBJ
G:\FINALDEMO\FINALDEMO\DEBUG\SOLARSYSTEM.OBJ
G:\FINALDEMO\FINALDEMO\DEBUG\UTILITY.OBJ
G:\FINALDEMO\FINALDEMO\DEBUG\VC110.PDB
D:\DOCUMENTS\VISUAL STUDIO 2010\PROJECTS\FINALDEMO\DEBUG\FINALDEMO.ILK
D:\DOCUMENTS\VISUAL STUDIO 2010\PROJECTS\FINALDEMO\DEBUG\FINALDEMO.EXE
D:\DOCUMENTS\VISUAL STUDIO 2010\PROJECTS\FINALDEMO\FINALDEMO\DEBUG\FINALDEMO.EXE.INTERMEDIATE.MANIFEST
D:\DOCUMENTS\VISUAL STUDIO 2010\PROJECTS\FINALDEMO\DEBUG\FINALDEMO.PDB
F:\FINALDEMO\DEBUG\FINALDEMO.ILK
F:\FINALDEMO\DEBUG\FINALDEMO.EXE
F:\FINALDEMO\FINALDEMO\DEBUG\FINALDEMO.EXE.INTERMEDIATE.MANIFEST
F:\FINALDEMO\DEBUG\FINALDEMO.PDB
G:\FinalDemo\FinalDemo\Debug\camera.obj
G:\FinalDemo\FinalDemo\Debug\collision.obj
G:\FinalDemo\FinalDemo\Debug\main.obj
G:\FinalDemo\FinalDemo\Debug\SolarSystem.obj
G:\FinalDemo\FinalDemo\Debug\Utility.obj
G:\FinalDemo\FinalDemo\Debug\cl.command.1.tlog
G:\FinalDemo\FinalDemo\Debug\CL.read.1.tlog
G:\FinalDemo\FinalDemo\Debug\CL.write.1.tlog
G:\FinalDemo\FinalDemo\Debug\link.command.1.tlog
G:\FinalDemo\FinalDemo\Debug\link.read.1.tlog
G:\FinalDemo\FinalDemo\Debug\link.write.1.tlog
G:\FinalDemo\FinalDemo\Debug\mt.command.1.tlog
G:\FinalDemo\FinalDemo\Debug\mt.read.1.tlog
G:\FinalDemo\FinalDemo\Debug\mt.write.1.tlog
G:\FinalDemo\FinalDemo\Debug\link-rc.read.1.tlog
G:\FinalDemo\FinalDemo\Debug\link-rc.write.1.tlog
G:\FinalDemo\FinalDemo\Debug\link-cvtres.read.1.tlog
G:\FinalDemo\FinalDemo\Debug\link-cvtres.write.1.tlog
G:\FinalDemo\FinalDemo\Debug\FinalDemo.exe.intermediate.manifest
G:\FinalDemo\FinalDemo\Debug\vc100.idb
G:\FinalDemo\FinalDemo\Debug\vc110.idb
G:\FinalDemo\FinalDemo\Debug\vc100.pdb
G:\FinalDemo\FinalDemo\Debug\vc110.pdb
G:\FinalDemo\Debug\FinalDemo.pdb
